<?xml version="1.0" encoding="UTF-8"?>
<!-- Generated by org.testng.reporters.JUnitXMLReporter -->
<testsuite ignored="0" hostname="QT-INBG-LT0916" failures="0" tests="5" name="Default test" time="0.117" errors="0" timestamp="2023-01-11T21:42:25 IST">
  <testcase classname="StreamJava.BasicStream" name="regular" time="0.017"/>
  <testcase classname="StreamJava.BasicStream" name="streamCollect" time="0.006"/>
  <testcase classname="StreamJava.BasicStream" name="streamFilter" time="0.007"/>
  <testcase classname="StreamJava.BasicStream" name="streamMap" time="0.004"/>
  <testcase classname="StreamJava.BasicStream" name="streamfncn" time="0.002"/>
</testsuite> <!-- Default test -->
