<?xml version="1.0" encoding="UTF-8"?>
<testng-results ignored="0" total="1" passed="1" failed="0" skipped="0">
  <reporter-output>
  </reporter-output>
  <suite started-at="2023-03-02T14:55:27 IST" name="Default suite" finished-at="2023-03-02T14:55:27 IST" duration-ms="63">
    <groups>
    </groups>
    <test started-at="2023-03-02T14:55:27 IST" name="Default test" finished-at="2023-03-02T14:55:27 IST" duration-ms="63">
      <class name="IframeExmp">
        <test-method signature="Demo()[pri:0, instance:IframeExmp@7e9131d5]" started-at="2023-03-02T14:55:27 IST" name="Demo" finished-at="2023-03-02T14:55:27 IST" duration-ms="13" status="PASS">
          <reporter-output>
          </reporter-output>
        </test-method> <!-- Demo -->
      </class> <!-- IframeExmp -->
    </test> <!-- Default test -->
  </suite> <!-- Default suite -->
</testng-results>
