<?xml version="1.0" encoding="UTF-8"?>
<!-- Generated by org.testng.reporters.JUnitXMLReporter -->
<testsuite ignored="0" hostname="QT-INBG-LT0916" failures="1" tests="2" name="Submit Order Test" time="0.093" errors="0" timestamp="2023-02-20T08:51:40 IST">
  <testcase classname="TamishraAutomation.SubmitOrderTest" name="submitOrder" time="0.0">
    <failure type="java.lang.RuntimeException" message="java.io.IOException: File &amp;apos;C:\Users\tamishra.senapati\eclipse-workspace\SeleniumFrameworkDesign\src\test\java\TamishraAutomation\Data&amp;apos; exists but is a directory">
      <![CDATA[java.lang.RuntimeException: java.io.IOException: File 'C:\Users\tamishra.senapati\eclipse-workspace\SeleniumFrameworkDesign\src\test\java\TamishraAutomation\Data' exists but is a directory
at java.base/java.util.concurrent.ThreadPoolExecutor.runWorker(ThreadPoolExecutor.java:1136)
at java.base/java.util.concurrent.ThreadPoolExecutor$Worker.run(ThreadPoolExecutor.java:635)
at java.base/java.lang.Thread.run(Thread.java:833)
Caused by: java.io.IOException: File 'C:\Users\tamishra.senapati\eclipse-workspace\SeleniumFrameworkDesign\src\test\java\TamishraAutomation\Data' exists but is a directory
at org.apache.commons.io.FileUtils.openInputStream(FileUtils.java:291)
at org.apache.commons.io.FileUtils.readFileToString(FileUtils.java:1805)
at TamishraAutomation.TestComponents.BaseTest.getJsonDataToMap(BaseTest.java:56)
at TamishraAutomation.SubmitOrderTest.getData(SubmitOrderTest.java:72)
... 12 more
... Removed 17 stack frames]]>
    </failure>
  </testcase> <!-- submitOrder -->
  <testcase classname="TamishraAutomation.SubmitOrderTest" name="orderHistoryTest" time="0.0">
    <skipped/>
  </testcase> <!-- orderHistoryTest -->
</testsuite> <!-- Submit Order Test -->
