<?xml version="1.0" encoding="UTF-8"?>
<!-- Generated by org.testng.reporters.JUnitXMLReporter -->
<testsuite ignored="2" hostname="QT-INBG-LT0916" failures="0" tests="6" name="Car Loan" time="0.123" errors="0" timestamp="2023-02-20T08:48:27 IST">
  <testcase classname="Default.Basic2" name="APIauto" time="0.013"/>
  <testcase classname="Default.Basic2" name="mobileSignOut" time="0.007"/>
  <testcase classname="Default.Basic2" name="mobileSignOutCar" time="0.002"/>
  <testcase classname="Default.Basic2" name="mobileSignOutCar" time="0.002"/>
  <testcase classname="Default.Basic2" name="mobileSignOutCar" time="0.001"/>
  <testcase classname="Default.Basic2" name="webAutocarLoan" time="0.002"/>
  <testcase classname="Default.Basic2" name="mobileSignIn" time="0.0">
    <ignored/>
  </testcase> <!-- mobileSignIn -->
  <testcase classname="Default.Basic2" name="mobileAutocarLoan" time="0.0">
    <ignored/>
  </testcase> <!-- mobileAutocarLoan -->
</testsuite> <!-- Car Loan -->
