<?xml version="1.0" encoding="UTF-8"?>
<!-- Generated by org.testng.reporters.JUnitXMLReporter -->
<testsuite ignored="0" hostname="QT-INBG-LT0916" failures="0" tests="3" name="Car Loan" time="0.009" errors="0" timestamp="2023-01-15T11:40:45 IST">
  <testcase classname="Default.Basic2" name="APIauto" time="0.001"/>
  <testcase classname="Default.Basic2" name="mobileAutocarLoan" time="0.001"/>
  <testcase classname="Default.Basic2" name="webAutocarLoan" time="0.0"/>
</testsuite> <!-- Car Loan -->
