<?xml version="1.0" encoding="UTF-8"?>
<!-- Generated by org.testng.reporters.JUnitXMLReporter -->
<testsuite ignored="0" hostname="QT-INBG-LT0916" failures="0" tests="6" name="Test" time="0.086" errors="0" timestamp="2023-01-15T11:40:45 IST">
  <testcase classname="Default.Basics1" name="c3" time="0.011"/>
  <testcase classname="Default.Basics" name="c1" time="0.002"/>
  <testcase classname="Default.Basics" name="c2" time="0.001"/>
  <testcase classname="Default.Basic3" name="APIauto" time="0.001"/>
  <testcase classname="Default.Basic3" name="mobileAutoHomeLoan" time="0.001"/>
  <testcase classname="Default.Basic3" name="webAutoHomeLoan" time="0.001"/>
</testsuite> <!-- Test -->
