<?xml version="1.0" encoding="UTF-8"?>
<testng-results ignored="0" total="5" passed="5" failed="0" skipped="0">
  <reporter-output>
  </reporter-output>
  <suite started-at="2023-01-11T21:42:25 IST" name="Default suite" finished-at="2023-01-11T21:42:25 IST" duration-ms="117">
    <groups>
    </groups>
    <test started-at="2023-01-11T21:42:25 IST" name="Default test" finished-at="2023-01-11T21:42:25 IST" duration-ms="117">
      <class name="StreamJava.BasicStream">
        <test-method signature="regular()[pri:0, instance:StreamJava.BasicStream@4dbb42b7]" started-at="2023-01-11T21:42:25 IST" name="regular" finished-at="2023-01-11T21:42:25 IST" duration-ms="17" status="PASS">
          <reporter-output>
          </reporter-output>
        </test-method> <!-- regular -->
        <test-method signature="streamCollect()[pri:0, instance:StreamJava.BasicStream@4dbb42b7]" started-at="2023-01-11T21:42:25 IST" name="streamCollect" finished-at="2023-01-11T21:42:25 IST" duration-ms="6" status="PASS">
          <reporter-output>
          </reporter-output>
        </test-method> <!-- streamCollect -->
        <test-method signature="streamFilter()[pri:0, instance:StreamJava.BasicStream@4dbb42b7]" started-at="2023-01-11T21:42:25 IST" name="streamFilter" finished-at="2023-01-11T21:42:25 IST" duration-ms="7" status="PASS">
          <reporter-output>
          </reporter-output>
        </test-method> <!-- streamFilter -->
        <test-method signature="streamMap()[pri:0, instance:StreamJava.BasicStream@4dbb42b7]" started-at="2023-01-11T21:42:25 IST" name="streamMap" finished-at="2023-01-11T21:42:25 IST" duration-ms="4" status="PASS">
          <reporter-output>
          </reporter-output>
        </test-method> <!-- streamMap -->
        <test-method signature="streamfncn()[pri:0, instance:StreamJava.BasicStream@4dbb42b7]" started-at="2023-01-11T21:42:25 IST" name="streamfncn" finished-at="2023-01-11T21:42:25 IST" duration-ms="2" status="PASS">
          <reporter-output>
          </reporter-output>
        </test-method> <!-- streamfncn -->
      </class> <!-- StreamJava.BasicStream -->
    </test> <!-- Default test -->
  </suite> <!-- Default suite -->
</testng-results>
